<?xml version="1.0" encoding="UTF-8"?>
<!-- Generated by org.testng.reporters.JUnitXMLReporter -->
<testsuite hostname="DESKTOP-JMSRFJ8" ignored="0" name="Default test" tests="3" failures="0" timestamp="17 May 2020 16:18:32 GMT" time="9.751" errors="0">
  <testcase name="UserCanRegisterSuccessfully" time="4.682" classname="Tests.PageResgisterationTest"/>
  <testcase name="Userlogout" time="1.593" classname="Tests.PageResgisterationTest"/>
  <testcase name="userlogin" time="3.32" classname="Tests.PageResgisterationTest"/>
</testsuite> <!-- Default test -->
